19:57:13 INFO  Starting FuncionesServiceApplication using Java 21.0.3 with PID 54060 (C:\Users\Usuario\Desktop\semester-project\funciones-service\target\classes started by Usuario in C:\Users\Usuario\Desktop\semester-project\funciones-service)
19:57:13 INFO  No active profile set, falling back to 1 default profile: "default"
19:57:13 INFO  Devtools property defaults active! Set 'spring.devtools.add-properties' to 'false' to disable
19:57:13 INFO  For additional web related logging consider setting the 'logging.level.web' property to 'DEBUG'
19:57:14 INFO  Bootstrapping Spring Data JPA repositories in DEFAULT mode.
19:57:14 INFO  Finished Spring Data repository scanning in 71 ms. Found 2 JPA repository interfaces.
19:57:14 INFO  Tomcat initialized with port 9095 (http)
19:57:14 INFO  Starting service [Tomcat]
19:57:14 INFO  Starting Servlet engine: [Apache Tomcat/11.0.21]
19:57:14 INFO  Root WebApplicationContext: initialization completed in 713 ms
19:57:14 INFO  HikariPool-1 - Starting...
19:57:15 WARN  Exception encountered during context initialization - cancelling refresh attempt: org.springframework.beans.factory.BeanCreationException: Error creating bean with name 'entityManagerFactory' defined in class path resource [org/springframework/boot/hibernate/autoconfigure/HibernateJpaConfiguration.class]: Failed to initialize dependency 'liquibase' of LoadTimeWeaverAware bean 'entityManagerFactory': Error creating bean with name 'liquibase' defined in class path resource [com/microservicio/funciones_service/config/LiquibaseConfig.class]: liquibase.exception.DatabaseException: com.mysql.cj.jdbc.exceptions.CommunicationsException: Communications link failure

The last packet sent successfully to the server was 0 milliseconds ago. The driver has not received any packets from the server.
19:57:15 INFO  Stopping service [Tomcat]
19:57:15 INFO  

Error starting ApplicationContext. To display the condition evaluation report re-run your application with 'debug' enabled.
19:57:15 ERROR Application run failed
org.springframework.beans.factory.BeanCreationException: Error creating bean with name 'entityManagerFactory' defined in class path resource [org/springframework/boot/hibernate/autoconfigure/HibernateJpaConfiguration.class]: Failed to initialize dependency 'liquibase' of LoadTimeWeaverAware bean 'entityManagerFactory': Error creating bean with name 'liquibase' defined in class path resource [com/microservicio/funciones_service/config/LiquibaseConfig.class]: liquibase.exception.DatabaseException: com.mysql.cj.jdbc.exceptions.CommunicationsException: Communications link failure

The last packet sent successfully to the server was 0 milliseconds ago. The driver has not received any packets from the server.
	at org.springframework.beans.factory.support.AbstractBeanFactory.doGetBean(AbstractBeanFactory.java:322)
	at org.springframework.beans.factory.support.AbstractBeanFactory.getBean(AbstractBeanFactory.java:201)
	at org.springframework.context.support.AbstractApplicationContext.finishBeanFactoryInitialization(AbstractApplicationContext.java:977)
	at org.springframework.context.support.AbstractApplicationContext.refresh(AbstractApplicationContext.java:621)
	at org.springframework.boot.web.server.servlet.context.ServletWebServerApplicationContext.refresh(ServletWebServerApplicationContext.java:143)
	at org.springframework.boot.SpringApplication.refresh(SpringApplication.java:756)
	at org.springframework.boot.SpringApplication.refreshContext(SpringApplication.java:445)
	at org.springframework.boot.SpringApplication.run(SpringApplication.java:321)
	at org.springframework.boot.SpringApplication.run(SpringApplication.java:1365)
	at org.springframework.boot.SpringApplication.run(SpringApplication.java:1354)
	at com.microservicio.funciones_service.FuncionesServiceApplication.main(FuncionesServiceApplication.java:13)
	at java.base/jdk.internal.reflect.DirectMethodHandleAccessor.invoke(DirectMethodHandleAccessor.java:103)
	at java.base/java.lang.reflect.Method.invoke(Method.java:580)
	at org.springframework.boot.devtools.restart.RestartLauncher.run(RestartLauncher.java:52)
Caused by: org.springframework.beans.factory.BeanCreationException: Error creating bean with name 'liquibase' defined in class path resource [com/microservicio/funciones_service/config/LiquibaseConfig.class]: liquibase.exception.DatabaseException: com.mysql.cj.jdbc.exceptions.CommunicationsException: Communications link failure

The last packet sent successfully to the server was 0 milliseconds ago. The driver has not received any packets from the server.
	at org.springframework.beans.factory.support.AbstractAutowireCapableBeanFactory.initializeBean(AbstractAutowireCapableBeanFactory.java:1817)
	at org.springframework.beans.factory.support.AbstractAutowireCapableBeanFactory.doCreateBean(AbstractAutowireCapableBeanFactory.java:603)
	at org.springframework.beans.factory.support.AbstractAutowireCapableBeanFactory.createBean(AbstractAutowireCapableBeanFactory.java:525)
	at org.springframework.beans.factory.support.AbstractBeanFactory.lambda$doGetBean$0(AbstractBeanFactory.java:333)
	at org.springframework.beans.factory.support.DefaultSingletonBeanRegistry.getSingleton(DefaultSingletonBeanRegistry.java:371)
	at org.springframework.beans.factory.support.AbstractBeanFactory.doGetBean(AbstractBeanFactory.java:331)
	at org.springframework.beans.factory.support.AbstractBeanFactory.getBean(AbstractBeanFactory.java:196)
	at org.springframework.beans.factory.support.AbstractBeanFactory.doGetBean(AbstractBeanFactory.java:309)
	... 13 common frames omitted
Caused by: liquibase.exception.LiquibaseException: liquibase.exception.DatabaseException: com.mysql.cj.jdbc.exceptions.CommunicationsException: Communications link failure

The last packet sent successfully to the server was 0 milliseconds ago. The driver has not received any packets from the server.
	at liquibase.integration.spring.SpringLiquibase.afterPropertiesSet(SpringLiquibase.java:289)
	at org.springframework.beans.factory.support.AbstractAutowireCapableBeanFactory.invokeInitMethods(AbstractAutowireCapableBeanFactory.java:1864)
	at org.springframework.beans.factory.support.AbstractAutowireCapableBeanFactory.initializeBean(AbstractAutowireCapableBeanFactory.java:1813)
	... 20 common frames omitted
Caused by: liquibase.exception.DatabaseException: com.mysql.cj.jdbc.exceptions.CommunicationsException: Communications link failure

The last packet sent successfully to the server was 0 milliseconds ago. The driver has not received any packets from the server.
	at liquibase.integration.spring.SpringLiquibase.lambda$afterPropertiesSet$0(SpringLiquibase.java:281)
	at liquibase.Scope.lambda$child$0(Scope.java:241)
	at liquibase.Scope.child(Scope.java:250)
	at liquibase.Scope.child(Scope.java:240)
	at liquibase.Scope.child(Scope.java:219)
	at liquibase.integration.spring.SpringLiquibase.afterPropertiesSet(SpringLiquibase.java:272)
	... 22 common frames omitted
Caused by: com.mysql.cj.jdbc.exceptions.CommunicationsException: Communications link failure

The last packet sent successfully to the server was 0 milliseconds ago. The driver has not received any packets from the server.
	at com.mysql.cj.jdbc.exceptions.SQLError.createCommunicationsException(SQLError.java:165)
	at com.mysql.cj.jdbc.exceptions.SQLExceptionsMapping.translateException(SQLExceptionsMapping.java:55)
	at com.mysql.cj.jdbc.ConnectionImpl.createNewIO(ConnectionImpl.java:840)
	at com.mysql.cj.jdbc.ConnectionImpl.<init>(ConnectionImpl.java:416)
	at com.mysql.cj.jdbc.ConnectionImpl.getInstance(ConnectionImpl.java:237)
	at com.mysql.cj.jdbc.NonRegisteringDriver.connect(NonRegisteringDriver.java:180)
	at com.zaxxer.hikari.util.DriverDataSource.getConnection(DriverDataSource.java:144)
	at com.zaxxer.hikari.pool.PoolBase.newConnection(PoolBase.java:373)
	at com.zaxxer.hikari.pool.PoolBase.newPoolEntry(PoolBase.java:210)
	at com.zaxxer.hikari.pool.HikariPool.createPoolEntry(HikariPool.java:488)
	at com.zaxxer.hikari.pool.HikariPool.checkFailFast(HikariPool.java:576)
	at com.zaxxer.hikari.pool.HikariPool.<init>(HikariPool.java:97)
	at com.zaxxer.hikari.HikariDataSource.getConnection(HikariDataSource.java:111)
	at liquibase.integration.spring.SpringLiquibase.lambda$afterPropertiesSet$0(SpringLiquibase.java:276)
	... 27 common frames omitted
Caused by: com.mysql.cj.exceptions.CJCommunicationsException: Communications link failure

The last packet sent successfully to the server was 0 milliseconds ago. The driver has not received any packets from the server.
	at java.base/jdk.internal.reflect.DirectConstructorHandleAccessor.newInstance(DirectConstructorHandleAccessor.java:62)
	at java.base/java.lang.reflect.Constructor.newInstanceWithCaller(Constructor.java:502)
	at java.base/java.lang.reflect.Constructor.newInstance(Constructor.java:486)
	at com.mysql.cj.exceptions.ExceptionFactory.createException(ExceptionFactory.java:52)
	at com.mysql.cj.exceptions.ExceptionFactory.createException(ExceptionFactory.java:95)
	at com.mysql.cj.exceptions.ExceptionFactory.createException(ExceptionFactory.java:140)
	at com.mysql.cj.exceptions.ExceptionFactory.createCommunicationsException(ExceptionFactory.java:156)
	at com.mysql.cj.protocol.a.NativeSocketConnection.connect(NativeSocketConnection.java:79)
	at com.mysql.cj.NativeSession.connect(NativeSession.java:142)
	at com.mysql.cj.jdbc.ConnectionImpl.connectOneTryOnly(ConnectionImpl.java:964)
	at com.mysql.cj.jdbc.ConnectionImpl.createNewIO(ConnectionImpl.java:828)
	... 38 common frames omitted
Caused by: java.net.ConnectException: Connection refused: getsockopt
	at java.base/sun.nio.ch.Net.pollConnect(Native Method)
	at java.base/sun.nio.ch.Net.pollConnectNow(Net.java:682)
	at java.base/sun.nio.ch.NioSocketImpl.timedFinishConnect(NioSocketImpl.java:542)
	at java.base/sun.nio.ch.NioSocketImpl.connect(NioSocketImpl.java:592)
	at java.base/java.net.SocksSocketImpl.connect(SocksSocketImpl.java:327)
	at java.base/java.net.Socket.connect(Socket.java:751)
	at com.mysql.cj.protocol.StandardSocketFactory.connect(StandardSocketFactory.java:144)
	at com.mysql.cj.protocol.a.NativeSocketConnection.connect(NativeSocketConnection.java:53)
	... 41 common frames omitted
19:57:55 INFO  Starting FuncionesServiceApplication using Java 21.0.3 with PID 1860 (C:\Users\Usuario\Desktop\semester-project\funciones-service\target\classes started by Usuario in C:\Users\Usuario\Desktop\semester-project\funciones-service)
19:57:55 INFO  No active profile set, falling back to 1 default profile: "default"
19:57:55 INFO  Devtools property defaults active! Set 'spring.devtools.add-properties' to 'false' to disable
19:57:55 INFO  For additional web related logging consider setting the 'logging.level.web' property to 'DEBUG'
19:57:56 INFO  Bootstrapping Spring Data JPA repositories in DEFAULT mode.
19:57:56 INFO  Finished Spring Data repository scanning in 77 ms. Found 2 JPA repository interfaces.
19:57:56 INFO  Tomcat initialized with port 9095 (http)
19:57:56 INFO  Starting service [Tomcat]
19:57:56 INFO  Starting Servlet engine: [Apache Tomcat/11.0.21]
19:57:56 INFO  Root WebApplicationContext: initialization completed in 728 ms
19:57:56 INFO  HikariPool-1 - Starting...
19:57:56 INFO  HikariPool-1 - Added connection com.mysql.cj.jdbc.ConnectionImpl@4407990e
19:57:56 INFO  HikariPool-1 - Start completed.
19:57:58 INFO  Reading from bd_funciones.databasechangelog
19:57:58 INFO  Database is up to date, no changesets to execute
19:57:58 INFO  Reading from bd_funciones.databasechangelog
19:57:58 INFO  UPDATE SUMMARY
19:57:58 INFO  Run:                          0
19:57:58 INFO  Previously run:               4
19:57:58 INFO  Filtered out:                 0
19:57:58 INFO  -------------------------------
19:57:58 INFO  Total change sets:            4
19:57:58 INFO  Update summary generated
19:57:58 INFO  Command execution complete
19:57:58 INFO  HHH008540: Processing PersistenceUnitInfo [name: default]
19:57:58 INFO  HHH000001: Hibernate ORM core version 7.2.12.Final
19:57:58 INFO  No LoadTimeWeaver setup: ignoring JPA class transformer
19:57:58 WARN  HHH000511: The 5.5.5 version for [org.hibernate.dialect.MySQLDialect] is no longer supported, hence certain features may not work properly.The minimum supported version is 8.0.0. Check the community dialects project for available legacy versions.
19:57:58 INFO  HHH10001005: Database info:
	Database JDBC URL [jdbc:mysql://localhost:3306/bd_funciones?createDatabaseIfNotExist=true]
	Database driver: MySQL Connector/J
	Database dialect: MySQLDialect
	Database version: 5.5.5
	Default catalog/schema: bd_funciones/undefined
	Autocommit mode: undefined/unknown
	Isolation level: REPEATABLE_READ [default REPEATABLE_READ]
	JDBC fetch size: none
	Pool: DataSourceConnectionProvider
	Minimum pool size: undefined/unknown
	Maximum pool size: undefined/unknown
19:57:59 INFO  HHH000489: No JTA platform available (set 'hibernate.transaction.jta.platform' to enable JTA platform integration)
19:57:59 INFO  Initialized JPA EntityManagerFactory for persistence unit 'default'
19:57:59 INFO  Hibernate is in classpath; If applicable, HQL parser will be used.
19:57:59 WARN  spring.jpa.open-in-view is enabled by default. Therefore, database queries may be performed during view rendering. Explicitly configure spring.jpa.open-in-view to disable this warning
19:57:59 INFO  Tomcat started on port 9095 (http) with context path '/'
19:57:59 INFO  Started FuncionesServiceApplication in 3.754 seconds (process running for 4.048)
19:59:40 INFO  Initializing Spring DispatcherServlet 'dispatcherServlet'
19:59:40 INFO  Initializing Servlet 'dispatcherServlet'
19:59:40 INFO  Completed initialization in 1 ms
19:59:40 INFO  GET /funciones
19:59:40 INFO  Listando todas las funciones
20:00:01 INFO  GET /funciones/1
20:00:01 INFO  Buscando funcion por id=1
20:00:33 WARN  Resolved [org.springframework.web.HttpRequestMethodNotSupportedException: Request method 'POST' is not supported]
20:00:39 INFO  POST /funciones - peliculaId=1, salaId=1
20:00:39 INFO  Guardando funcion: peliculaId=1, salaId=1
20:00:40 INFO  Funcion guardada correctamente id=11
20:00:40 INFO  Funcion creada correctamente id=11
20:01:25 WARN  Resolved [org.springframework.web.HttpRequestMethodNotSupportedException: Request method 'POST' is not supported]
20:01:29 INFO  GET /funciones/precio/4500
20:01:29 INFO  Buscando funcion por precio=4500
20:01:35 INFO  GET /funciones/precio/6000
20:01:35 INFO  Buscando funcion por precio=6000
20:01:42 INFO  GET /funciones/precio/10000
20:01:42 INFO  Buscando funcion por precio=10000
20:57:26 INFO  Starting FuncionesServiceApplication using Java 21.0.3 with PID 13836 (C:\Users\Usuario\Desktop\semester-project\funciones-service\target\classes started by Usuario in C:\Users\Usuario\Desktop\semester-project\funciones-service)
20:57:26 INFO  No active profile set, falling back to 1 default profile: "default"
20:57:26 INFO  Devtools property defaults active! Set 'spring.devtools.add-properties' to 'false' to disable
20:57:26 INFO  For additional web related logging consider setting the 'logging.level.web' property to 'DEBUG'
20:57:27 INFO  Bootstrapping Spring Data JPA repositories in DEFAULT mode.
20:57:27 INFO  Finished Spring Data repository scanning in 75 ms. Found 2 JPA repository interfaces.
20:57:27 INFO  Tomcat initialized with port 9095 (http)
20:57:27 INFO  Starting service [Tomcat]
20:57:27 INFO  Starting Servlet engine: [Apache Tomcat/11.0.21]
20:57:27 INFO  Root WebApplicationContext: initialization completed in 744 ms
20:57:27 INFO  HikariPool-1 - Starting...
20:57:27 INFO  HikariPool-1 - Added connection com.mysql.cj.jdbc.ConnectionImpl@b383a54
20:57:27 INFO  HikariPool-1 - Start completed.
20:57:29 INFO  Reading from bd_funciones.databasechangelog
20:57:29 INFO  Database is up to date, no changesets to execute
20:57:29 INFO  Reading from bd_funciones.databasechangelog
20:57:29 INFO  UPDATE SUMMARY
20:57:29 INFO  Run:                          0
20:57:29 INFO  Previously run:               4
20:57:29 INFO  Filtered out:                 0
20:57:29 INFO  -------------------------------
20:57:29 INFO  Total change sets:            4
20:57:29 INFO  Update summary generated
20:57:29 INFO  Command execution complete
20:57:29 INFO  HHH008540: Processing PersistenceUnitInfo [name: default]
20:57:29 INFO  HHH000001: Hibernate ORM core version 7.2.12.Final
20:57:29 INFO  No LoadTimeWeaver setup: ignoring JPA class transformer
20:57:29 WARN  HHH000511: The 5.5.5 version for [org.hibernate.dialect.MySQLDialect] is no longer supported, hence certain features may not work properly.The minimum supported version is 8.0.0. Check the community dialects project for available legacy versions.
20:57:29 INFO  HHH10001005: Database info:
	Database JDBC URL [jdbc:mysql://localhost:3306/bd_funciones?createDatabaseIfNotExist=true]
	Database driver: MySQL Connector/J
	Database dialect: MySQLDialect
	Database version: 5.5.5
	Default catalog/schema: bd_funciones/undefined
	Autocommit mode: undefined/unknown
	Isolation level: REPEATABLE_READ [default REPEATABLE_READ]
	JDBC fetch size: none
	Pool: DataSourceConnectionProvider
	Minimum pool size: undefined/unknown
	Maximum pool size: undefined/unknown
20:57:29 INFO  HHH000489: No JTA platform available (set 'hibernate.transaction.jta.platform' to enable JTA platform integration)
20:57:29 INFO  Initialized JPA EntityManagerFactory for persistence unit 'default'
20:57:30 INFO  Hibernate is in classpath; If applicable, HQL parser will be used.
20:57:30 WARN  Exception encountered during context initialization - cancelling refresh attempt: org.springframework.beans.factory.UnsatisfiedDependencyException: Error creating bean with name 'funcionController' defined in file [C:\Users\Usuario\Desktop\semester-project\funciones-service\target\classes\com\microservicio\funciones_service\controller\FuncionController.class]: Unsatisfied dependency expressed through constructor parameter 0: Error creating bean with name 'funcionService' defined in file [C:\Users\Usuario\Desktop\semester-project\funciones-service\target\classes\com\microservicio\funciones_service\service\FuncionService.class]: Unsatisfied dependency expressed through constructor parameter 0: Error creating bean with name 'funcionRepository' defined in com.microservicio.funciones_service.repository.FuncionRepository defined in @EnableJpaRepositories declared on DataJpaRepositoriesRegistrar.EnableJpaRepositoriesConfiguration: No property 'date' found for type 'Funcion'
20:57:30 INFO  Closing JPA EntityManagerFactory for persistence unit 'default'
20:57:30 INFO  HikariPool-1 - Shutdown initiated...
20:57:30 INFO  HikariPool-1 - Shutdown completed.
20:57:30 INFO  Stopping service [Tomcat]
20:57:30 INFO  

Error starting ApplicationContext. To display the condition evaluation report re-run your application with 'debug' enabled.
20:57:30 ERROR Application run failed
org.springframework.beans.factory.UnsatisfiedDependencyException: Error creating bean with name 'funcionController' defined in file [C:\Users\Usuario\Desktop\semester-project\funciones-service\target\classes\com\microservicio\funciones_service\controller\FuncionController.class]: Unsatisfied dependency expressed through constructor parameter 0: Error creating bean with name 'funcionService' defined in file [C:\Users\Usuario\Desktop\semester-project\funciones-service\target\classes\com\microservicio\funciones_service\service\FuncionService.class]: Unsatisfied dependency expressed through constructor parameter 0: Error creating bean with name 'funcionRepository' defined in com.microservicio.funciones_service.repository.FuncionRepository defined in @EnableJpaRepositories declared on DataJpaRepositoriesRegistrar.EnableJpaRepositoriesConfiguration: No property 'date' found for type 'Funcion'
	at org.springframework.beans.factory.support.ConstructorResolver.createArgumentArray(ConstructorResolver.java:804)
	at org.springframework.beans.factory.support.ConstructorResolver.autowireConstructor(ConstructorResolver.java:240)
	at org.springframework.beans.factory.support.AbstractAutowireCapableBeanFactory.autowireConstructor(AbstractAutowireCapableBeanFactory.java:1382)
	at org.springframework.beans.factory.support.AbstractAutowireCapableBeanFactory.createBeanInstance(AbstractAutowireCapableBeanFactory.java:1221)
	at org.springframework.beans.factory.support.AbstractAutowireCapableBeanFactory.doCreateBean(AbstractAutowireCapableBeanFactory.java:565)
	at org.springframework.beans.factory.support.AbstractAutowireCapableBeanFactory.createBean(AbstractAutowireCapableBeanFactory.java:525)
	at org.springframework.beans.factory.support.AbstractBeanFactory.lambda$doGetBean$0(AbstractBeanFactory.java:333)
	at org.springframework.beans.factory.support.DefaultSingletonBeanRegistry.getSingleton(DefaultSingletonBeanRegistry.java:371)
	at org.springframework.beans.factory.support.AbstractBeanFactory.doGetBean(AbstractBeanFactory.java:331)
	at org.springframework.beans.factory.support.AbstractBeanFactory.getBean(AbstractBeanFactory.java:196)
	at org.springframework.beans.factory.support.DefaultListableBeanFactory.instantiateSingleton(DefaultListableBeanFactory.java:1218)
	at org.springframework.beans.factory.support.DefaultListableBeanFactory.preInstantiateSingleton(DefaultListableBeanFactory.java:1184)
	at org.springframework.beans.factory.support.DefaultListableBeanFactory.preInstantiateSingletons(DefaultListableBeanFactory.java:1121)
	at org.springframework.context.support.AbstractApplicationContext.finishBeanFactoryInitialization(AbstractApplicationContext.java:994)
	at org.springframework.context.support.AbstractApplicationContext.refresh(AbstractApplicationContext.java:621)
	at org.springframework.boot.web.server.servlet.context.ServletWebServerApplicationContext.refresh(ServletWebServerApplicationContext.java:143)
	at org.springframework.boot.SpringApplication.refresh(SpringApplication.java:756)
	at org.springframework.boot.SpringApplication.refreshContext(SpringApplication.java:445)
	at org.springframework.boot.SpringApplication.run(SpringApplication.java:321)
	at org.springframework.boot.SpringApplication.run(SpringApplication.java:1365)
	at org.springframework.boot.SpringApplication.run(SpringApplication.java:1354)
	at com.microservicio.funciones_service.FuncionesServiceApplication.main(FuncionesServiceApplication.java:13)
	at java.base/jdk.internal.reflect.DirectMethodHandleAccessor.invoke(DirectMethodHandleAccessor.java:103)
	at java.base/java.lang.reflect.Method.invoke(Method.java:580)
	at org.springframework.boot.devtools.restart.RestartLauncher.run(RestartLauncher.java:52)
Caused by: org.springframework.beans.factory.UnsatisfiedDependencyException: Error creating bean with name 'funcionService' defined in file [C:\Users\Usuario\Desktop\semester-project\funciones-service\target\classes\com\microservicio\funciones_service\service\FuncionService.class]: Unsatisfied dependency expressed through constructor parameter 0: Error creating bean with name 'funcionRepository' defined in com.microservicio.funciones_service.repository.FuncionRepository defined in @EnableJpaRepositories declared on DataJpaRepositoriesRegistrar.EnableJpaRepositoriesConfiguration: No property 'date' found for type 'Funcion'
	at org.springframework.beans.factory.support.ConstructorResolver.createArgumentArray(ConstructorResolver.java:804)
	at org.springframework.beans.factory.support.ConstructorResolver.autowireConstructor(ConstructorResolver.java:240)
	at org.springframework.beans.factory.support.AbstractAutowireCapableBeanFactory.autowireConstructor(AbstractAutowireCapableBeanFactory.java:1382)
	at org.springframework.beans.factory.support.AbstractAutowireCapableBeanFactory.createBeanInstance(AbstractAutowireCapableBeanFactory.java:1221)
	at org.springframework.beans.factory.support.AbstractAutowireCapableBeanFactory.doCreateBean(AbstractAutowireCapableBeanFactory.java:565)
	at org.springframework.beans.factory.support.AbstractAutowireCapableBeanFactory.createBean(AbstractAutowireCapableBeanFactory.java:525)
	at org.springframework.beans.factory.support.AbstractBeanFactory.lambda$doGetBean$0(AbstractBeanFactory.java:333)
	at org.springframework.beans.factory.support.DefaultSingletonBeanRegistry.getSingleton(DefaultSingletonBeanRegistry.java:371)
	at org.springframework.beans.factory.support.AbstractBeanFactory.doGetBean(AbstractBeanFactory.java:331)
	at org.springframework.beans.factory.support.AbstractBeanFactory.getBean(AbstractBeanFactory.java:201)
	at org.springframework.beans.factory.support.DefaultListableBeanFactory.resolveBean(DefaultListableBeanFactory.java:1225)
	at org.springframework.beans.factory.support.DefaultListableBeanFactory.doResolveDependency(DefaultListableBeanFactory.java:1704)
	at org.springframework.beans.factory.support.DefaultListableBeanFactory.resolveDependency(DefaultListableBeanFactory.java:1651)
	at org.springframework.beans.factory.support.ConstructorResolver.resolveAutowiredArgument(ConstructorResolver.java:912)
	at org.springframework.beans.factory.support.ConstructorResolver.createArgumentArray(ConstructorResolver.java:791)
	... 24 common frames omitted
Caused by: org.springframework.beans.factory.BeanCreationException: Error creating bean with name 'funcionRepository' defined in com.microservicio.funciones_service.repository.FuncionRepository defined in @EnableJpaRepositories declared on DataJpaRepositoriesRegistrar.EnableJpaRepositoriesConfiguration: No property 'date' found for type 'Funcion'
	at org.springframework.beans.factory.support.AbstractAutowireCapableBeanFactory.initializeBean(AbstractAutowireCapableBeanFactory.java:1817)
	at org.springframework.beans.factory.support.AbstractAutowireCapableBeanFactory.doCreateBean(AbstractAutowireCapableBeanFactory.java:603)
	at org.springframework.beans.factory.support.AbstractAutowireCapableBeanFactory.createBean(AbstractAutowireCapableBeanFactory.java:525)
	at org.springframework.beans.factory.support.AbstractBeanFactory.lambda$doGetBean$0(AbstractBeanFactory.java:333)
	at org.springframework.beans.factory.support.DefaultSingletonBeanRegistry.getSingleton(DefaultSingletonBeanRegistry.java:371)
	at org.springframework.beans.factory.support.AbstractBeanFactory.doGetBean(AbstractBeanFactory.java:331)
	at org.springframework.beans.factory.support.AbstractBeanFactory.getBean(AbstractBeanFactory.java:201)
	at org.springframework.beans.factory.support.DefaultListableBeanFactory.resolveBean(DefaultListableBeanFactory.java:1225)
	at org.springframework.beans.factory.support.DefaultListableBeanFactory.doResolveDependency(DefaultListableBeanFactory.java:1704)
	at org.springframework.beans.factory.support.DefaultListableBeanFactory.resolveDependency(DefaultListableBeanFactory.java:1651)
	at org.springframework.beans.factory.support.ConstructorResolver.resolveAutowiredArgument(ConstructorResolver.java:912)
	at org.springframework.beans.factory.support.ConstructorResolver.createArgumentArray(ConstructorResolver.java:791)
	... 38 common frames omitted
Caused by: org.springframework.data.repository.query.QueryCreationException: Cannot create query for method [FuncionRepository.findByDate(java.time.LocalDate)]; No property 'date' found for type 'Funcion'
	at org.springframework.data.repository.query.QueryCreationException.create(QueryCreationException.java:109)
	at org.springframework.data.jpa.repository.query.PartTreeJpaQuery.<init>(PartTreeJpaQuery.java:114)
	at org.springframework.data.jpa.repository.query.JpaQueryLookupStrategy$CreateQueryLookupStrategy.resolveQuery(JpaQueryLookupStrategy.java:118)
	at org.springframework.data.jpa.repository.query.JpaQueryLookupStrategy$CreateIfNotFoundQueryLookupStrategy.resolveQuery(JpaQueryLookupStrategy.java:291)
	at org.springframework.data.jpa.repository.query.JpaQueryLookupStrategy$AbstractQueryLookupStrategy.resolveQuery(JpaQueryLookupStrategy.java:93)
	at org.springframework.data.repository.core.support.QueryExecutorMethodInterceptor.lookupQuery(QueryExecutorMethodInterceptor.java:114)
	at org.springframework.data.repository.core.support.QueryExecutorMethodInterceptor.mapMethodsToQuery(QueryExecutorMethodInterceptor.java:102)
	at org.springframework.data.repository.core.support.QueryExecutorMethodInterceptor.<init>(QueryExecutorMethodInterceptor.java:90)
	at org.springframework.data.repository.core.support.RepositoryFactorySupport.getRepository(RepositoryFactorySupport.java:413)
	at org.springframework.data.repository.core.support.RepositoryFactoryBeanSupport.lambda$afterPropertiesSet$1(RepositoryFactoryBeanSupport.java:361)
	at org.springframework.data.util.Lazy.getNullable(Lazy.java:136)
	at org.springframework.data.util.Lazy.get(Lazy.java:114)
	at org.springframework.data.repository.core.support.RepositoryFactoryBeanSupport.afterPropertiesSet(RepositoryFactoryBeanSupport.java:370)
	at org.springframework.data.jpa.repository.support.JpaRepositoryFactoryBean.afterPropertiesSet(JpaRepositoryFactoryBean.java:212)
	at org.springframework.beans.factory.support.AbstractAutowireCapableBeanFactory.invokeInitMethods(AbstractAutowireCapableBeanFactory.java:1864)
	at org.springframework.beans.factory.support.AbstractAutowireCapableBeanFactory.initializeBean(AbstractAutowireCapableBeanFactory.java:1813)
	... 49 common frames omitted
Caused by: org.springframework.data.core.PropertyReferenceException: No property 'date' found for type 'Funcion'
	at org.springframework.data.core.SimplePropertyPath.<init>(SimplePropertyPath.java:93)
	at org.springframework.data.core.SimplePropertyPath.create(SimplePropertyPath.java:360)
	at org.springframework.data.core.SimplePropertyPath.create(SimplePropertyPath.java:335)
	at org.springframework.data.core.SimplePropertyPath.lambda$from$0(SimplePropertyPath.java:288)
	at org.springframework.util.ConcurrentReferenceHashMap$6.execute(ConcurrentReferenceHashMap.java:387)
	at org.springframework.util.ConcurrentReferenceHashMap$Segment.doTask(ConcurrentReferenceHashMap.java:681)
	at org.springframework.util.ConcurrentReferenceHashMap.doTask(ConcurrentReferenceHashMap.java:565)
	at org.springframework.util.ConcurrentReferenceHashMap.computeIfAbsent(ConcurrentReferenceHashMap.java:381)
	at org.springframework.data.core.SimplePropertyPath.from(SimplePropertyPath.java:270)
	at org.springframework.data.core.PropertyPath.from(PropertyPath.java:210)
	at org.springframework.data.core.PropertyPath.from(PropertyPath.java:193)
	at org.springframework.data.repository.query.parser.Part.<init>(Part.java:81)
	at org.springframework.data.repository.query.parser.PartTree$OrPart.lambda$new$0(PartTree.java:260)
	at java.base/java.util.stream.ReferencePipeline$3$1.accept(ReferencePipeline.java:197)
	at java.base/java.util.stream.ReferencePipeline$2$1.accept(ReferencePipeline.java:179)
	at java.base/java.util.Spliterators$ArraySpliterator.forEachRemaining(Spliterators.java:1024)
	at java.base/java.util.stream.AbstractPipeline.copyInto(AbstractPipeline.java:509)
	at java.base/java.util.stream.AbstractPipeline.wrapAndCopyInto(AbstractPipeline.java:499)
	at java.base/java.util.stream.ReduceOps$ReduceOp.evaluateSequential(ReduceOps.java:921)
	at java.base/java.util.stream.AbstractPipeline.evaluate(AbstractPipeline.java:234)
	at java.base/java.util.stream.ReferencePipeline.collect(ReferencePipeline.java:682)
	at org.springframework.data.repository.query.parser.PartTree$OrPart.<init>(PartTree.java:261)
	at org.springframework.data.repository.query.parser.PartTree$Predicate.lambda$new$0(PartTree.java:390)
	at java.base/java.util.stream.ReferencePipeline$3$1.accept(ReferencePipeline.java:197)
	at java.base/java.util.stream.ReferencePipeline$2$1.accept(ReferencePipeline.java:179)
	at java.base/java.util.Spliterators$ArraySpliterator.forEachRemaining(Spliterators.java:1024)
	at java.base/java.util.stream.AbstractPipeline.copyInto(AbstractPipeline.java:509)
	at java.base/java.util.stream.AbstractPipeline.wrapAndCopyInto(AbstractPipeline.java:499)
	at java.base/java.util.stream.ReduceOps$ReduceOp.evaluateSequential(ReduceOps.java:921)
	at java.base/java.util.stream.AbstractPipeline.evaluate(AbstractPipeline.java:234)
	at java.base/java.util.stream.ReferencePipeline.collect(ReferencePipeline.java:682)
	at org.springframework.data.repository.query.parser.PartTree$Predicate.<init>(PartTree.java:391)
	at org.springframework.data.repository.query.parser.PartTree.<init>(PartTree.java:104)
	at org.springframework.data.jpa.repository.query.PartTreeJpaQuery.<init>(PartTreeJpaQuery.java:108)
	... 63 common frames omitted
20:58:51 INFO  Starting FuncionesServiceApplication using Java 21.0.3 with PID 43596 (C:\Users\Usuario\Desktop\semester-project\funciones-service\target\classes started by Usuario in C:\Users\Usuario\Desktop\semester-project\funciones-service)
20:58:51 INFO  No active profile set, falling back to 1 default profile: "default"
20:58:51 INFO  Devtools property defaults active! Set 'spring.devtools.add-properties' to 'false' to disable
20:58:51 INFO  For additional web related logging consider setting the 'logging.level.web' property to 'DEBUG'
20:58:51 INFO  Bootstrapping Spring Data JPA repositories in DEFAULT mode.
20:58:51 INFO  Finished Spring Data repository scanning in 80 ms. Found 2 JPA repository interfaces.
20:58:51 INFO  Tomcat initialized with port 9095 (http)
20:58:51 INFO  Starting service [Tomcat]
20:58:51 INFO  Starting Servlet engine: [Apache Tomcat/11.0.21]
20:58:51 INFO  Root WebApplicationContext: initialization completed in 728 ms
20:58:51 INFO  HikariPool-1 - Starting...
20:58:51 INFO  HikariPool-1 - Added connection com.mysql.cj.jdbc.ConnectionImpl@33c1bd64
20:58:51 INFO  HikariPool-1 - Start completed.
20:58:53 INFO  Reading from bd_funciones.databasechangelog
20:58:53 INFO  Database is up to date, no changesets to execute
20:58:53 INFO  Reading from bd_funciones.databasechangelog
20:58:53 INFO  UPDATE SUMMARY
20:58:53 INFO  Run:                          0
20:58:53 INFO  Previously run:               4
20:58:53 INFO  Filtered out:                 0
20:58:53 INFO  -------------------------------
20:58:53 INFO  Total change sets:            4
20:58:53 INFO  Update summary generated
20:58:53 INFO  Command execution complete
20:58:53 INFO  HHH008540: Processing PersistenceUnitInfo [name: default]
20:58:53 INFO  HHH000001: Hibernate ORM core version 7.2.12.Final
20:58:54 INFO  No LoadTimeWeaver setup: ignoring JPA class transformer
20:58:54 WARN  HHH000511: The 5.5.5 version for [org.hibernate.dialect.MySQLDialect] is no longer supported, hence certain features may not work properly.The minimum supported version is 8.0.0. Check the community dialects project for available legacy versions.
20:58:54 INFO  HHH10001005: Database info:
	Database JDBC URL [jdbc:mysql://localhost:3306/bd_funciones?createDatabaseIfNotExist=true]
	Database driver: MySQL Connector/J
	Database dialect: MySQLDialect
	Database version: 5.5.5
	Default catalog/schema: bd_funciones/undefined
	Autocommit mode: undefined/unknown
	Isolation level: REPEATABLE_READ [default REPEATABLE_READ]
	JDBC fetch size: none
	Pool: DataSourceConnectionProvider
	Minimum pool size: undefined/unknown
	Maximum pool size: undefined/unknown
20:58:54 INFO  HHH000489: No JTA platform available (set 'hibernate.transaction.jta.platform' to enable JTA platform integration)
20:58:54 INFO  Initialized JPA EntityManagerFactory for persistence unit 'default'
20:58:54 INFO  Hibernate is in classpath; If applicable, HQL parser will be used.
20:58:54 WARN  Exception encountered during context initialization - cancelling refresh attempt: org.springframework.beans.factory.UnsatisfiedDependencyException: Error creating bean with name 'funcionController' defined in file [C:\Users\Usuario\Desktop\semester-project\funciones-service\target\classes\com\microservicio\funciones_service\controller\FuncionController.class]: Unsatisfied dependency expressed through constructor parameter 0: Error creating bean with name 'funcionService' defined in file [C:\Users\Usuario\Desktop\semester-project\funciones-service\target\classes\com\microservicio\funciones_service\service\FuncionService.class]: Unsatisfied dependency expressed through constructor parameter 0: Error creating bean with name 'funcionRepository' defined in com.microservicio.funciones_service.repository.FuncionRepository defined in @EnableJpaRepositories declared on DataJpaRepositoriesRegistrar.EnableJpaRepositoriesConfiguration: No property 'date' found for type 'Funcion'
20:58:54 INFO  Closing JPA EntityManagerFactory for persistence unit 'default'
20:58:54 INFO  HikariPool-1 - Shutdown initiated...
20:58:54 INFO  HikariPool-1 - Shutdown completed.
20:58:54 INFO  Stopping service [Tomcat]
20:58:54 INFO  

Error starting ApplicationContext. To display the condition evaluation report re-run your application with 'debug' enabled.
20:58:54 ERROR Application run failed
org.springframework.beans.factory.UnsatisfiedDependencyException: Error creating bean with name 'funcionController' defined in file [C:\Users\Usuario\Desktop\semester-project\funciones-service\target\classes\com\microservicio\funciones_service\controller\FuncionController.class]: Unsatisfied dependency expressed through constructor parameter 0: Error creating bean with name 'funcionService' defined in file [C:\Users\Usuario\Desktop\semester-project\funciones-service\target\classes\com\microservicio\funciones_service\service\FuncionService.class]: Unsatisfied dependency expressed through constructor parameter 0: Error creating bean with name 'funcionRepository' defined in com.microservicio.funciones_service.repository.FuncionRepository defined in @EnableJpaRepositories declared on DataJpaRepositoriesRegistrar.EnableJpaRepositoriesConfiguration: No property 'date' found for type 'Funcion'
	at org.springframework.beans.factory.support.ConstructorResolver.createArgumentArray(ConstructorResolver.java:804)
	at org.springframework.beans.factory.support.ConstructorResolver.autowireConstructor(ConstructorResolver.java:240)
	at org.springframework.beans.factory.support.AbstractAutowireCapableBeanFactory.autowireConstructor(AbstractAutowireCapableBeanFactory.java:1382)
	at org.springframework.beans.factory.support.AbstractAutowireCapableBeanFactory.createBeanInstance(AbstractAutowireCapableBeanFactory.java:1221)
	at org.springframework.beans.factory.support.AbstractAutowireCapableBeanFactory.doCreateBean(AbstractAutowireCapableBeanFactory.java:565)
	at org.springframework.beans.factory.support.AbstractAutowireCapableBeanFactory.createBean(AbstractAutowireCapableBeanFactory.java:525)
	at org.springframework.beans.factory.support.AbstractBeanFactory.lambda$doGetBean$0(AbstractBeanFactory.java:333)
	at org.springframework.beans.factory.support.DefaultSingletonBeanRegistry.getSingleton(DefaultSingletonBeanRegistry.java:371)
	at org.springframework.beans.factory.support.AbstractBeanFactory.doGetBean(AbstractBeanFactory.java:331)
	at org.springframework.beans.factory.support.AbstractBeanFactory.getBean(AbstractBeanFactory.java:196)
	at org.springframework.beans.factory.support.DefaultListableBeanFactory.instantiateSingleton(DefaultListableBeanFactory.java:1218)
	at org.springframework.beans.factory.support.DefaultListableBeanFactory.preInstantiateSingleton(DefaultListableBeanFactory.java:1184)
	at org.springframework.beans.factory.support.DefaultListableBeanFactory.preInstantiateSingletons(DefaultListableBeanFactory.java:1121)
	at org.springframework.context.support.AbstractApplicationContext.finishBeanFactoryInitialization(AbstractApplicationContext.java:994)
	at org.springframework.context.support.AbstractApplicationContext.refresh(AbstractApplicationContext.java:621)
	at org.springframework.boot.web.server.servlet.context.ServletWebServerApplicationContext.refresh(ServletWebServerApplicationContext.java:143)
	at org.springframework.boot.SpringApplication.refresh(SpringApplication.java:756)
	at org.springframework.boot.SpringApplication.refreshContext(SpringApplication.java:445)
	at org.springframework.boot.SpringApplication.run(SpringApplication.java:321)
	at org.springframework.boot.SpringApplication.run(SpringApplication.java:1365)
	at org.springframework.boot.SpringApplication.run(SpringApplication.java:1354)
	at com.microservicio.funciones_service.FuncionesServiceApplication.main(FuncionesServiceApplication.java:13)
	at java.base/jdk.internal.reflect.DirectMethodHandleAccessor.invoke(DirectMethodHandleAccessor.java:103)
	at java.base/java.lang.reflect.Method.invoke(Method.java:580)
	at org.springframework.boot.devtools.restart.RestartLauncher.run(RestartLauncher.java:52)
Caused by: org.springframework.beans.factory.UnsatisfiedDependencyException: Error creating bean with name 'funcionService' defined in file [C:\Users\Usuario\Desktop\semester-project\funciones-service\target\classes\com\microservicio\funciones_service\service\FuncionService.class]: Unsatisfied dependency expressed through constructor parameter 0: Error creating bean with name 'funcionRepository' defined in com.microservicio.funciones_service.repository.FuncionRepository defined in @EnableJpaRepositories declared on DataJpaRepositoriesRegistrar.EnableJpaRepositoriesConfiguration: No property 'date' found for type 'Funcion'
	at org.springframework.beans.factory.support.ConstructorResolver.createArgumentArray(ConstructorResolver.java:804)
	at org.springframework.beans.factory.support.ConstructorResolver.autowireConstructor(ConstructorResolver.java:240)
	at org.springframework.beans.factory.support.AbstractAutowireCapableBeanFactory.autowireConstructor(AbstractAutowireCapableBeanFactory.java:1382)
	at org.springframework.beans.factory.support.AbstractAutowireCapableBeanFactory.createBeanInstance(AbstractAutowireCapableBeanFactory.java:1221)
	at org.springframework.beans.factory.support.AbstractAutowireCapableBeanFactory.doCreateBean(AbstractAutowireCapableBeanFactory.java:565)
	at org.springframework.beans.factory.support.AbstractAutowireCapableBeanFactory.createBean(AbstractAutowireCapableBeanFactory.java:525)
	at org.springframework.beans.factory.support.AbstractBeanFactory.lambda$doGetBean$0(AbstractBeanFactory.java:333)
	at org.springframework.beans.factory.support.DefaultSingletonBeanRegistry.getSingleton(DefaultSingletonBeanRegistry.java:371)
	at org.springframework.beans.factory.support.AbstractBeanFactory.doGetBean(AbstractBeanFactory.java:331)
	at org.springframework.beans.factory.support.AbstractBeanFactory.getBean(AbstractBeanFactory.java:201)
	at org.springframework.beans.factory.support.DefaultListableBeanFactory.resolveBean(DefaultListableBeanFactory.java:1225)
	at org.springframework.beans.factory.support.DefaultListableBeanFactory.doResolveDependency(DefaultListableBeanFactory.java:1704)
	at org.springframework.beans.factory.support.DefaultListableBeanFactory.resolveDependency(DefaultListableBeanFactory.java:1651)
	at org.springframework.beans.factory.support.ConstructorResolver.resolveAutowiredArgument(ConstructorResolver.java:912)
	at org.springframework.beans.factory.support.ConstructorResolver.createArgumentArray(ConstructorResolver.java:791)
	... 24 common frames omitted
Caused by: org.springframework.beans.factory.BeanCreationException: Error creating bean with name 'funcionRepository' defined in com.microservicio.funciones_service.repository.FuncionRepository defined in @EnableJpaRepositories declared on DataJpaRepositoriesRegistrar.EnableJpaRepositoriesConfiguration: No property 'date' found for type 'Funcion'
	at org.springframework.beans.factory.support.AbstractAutowireCapableBeanFactory.initializeBean(AbstractAutowireCapableBeanFactory.java:1817)
	at org.springframework.beans.factory.support.AbstractAutowireCapableBeanFactory.doCreateBean(AbstractAutowireCapableBeanFactory.java:603)
	at org.springframework.beans.factory.support.AbstractAutowireCapableBeanFactory.createBean(AbstractAutowireCapableBeanFactory.java:525)
	at org.springframework.beans.factory.support.AbstractBeanFactory.lambda$doGetBean$0(AbstractBeanFactory.java:333)
	at org.springframework.beans.factory.support.DefaultSingletonBeanRegistry.getSingleton(DefaultSingletonBeanRegistry.java:371)
	at org.springframework.beans.factory.support.AbstractBeanFactory.doGetBean(AbstractBeanFactory.java:331)
	at org.springframework.beans.factory.support.AbstractBeanFactory.getBean(AbstractBeanFactory.java:201)
	at org.springframework.beans.factory.support.DefaultListableBeanFactory.resolveBean(DefaultListableBeanFactory.java:1225)
	at org.springframework.beans.factory.support.DefaultListableBeanFactory.doResolveDependency(DefaultListableBeanFactory.java:1704)
	at org.springframework.beans.factory.support.DefaultListableBeanFactory.resolveDependency(DefaultListableBeanFactory.java:1651)
	at org.springframework.beans.factory.support.ConstructorResolver.resolveAutowiredArgument(ConstructorResolver.java:912)
	at org.springframework.beans.factory.support.ConstructorResolver.createArgumentArray(ConstructorResolver.java:791)
	... 38 common frames omitted
Caused by: org.springframework.data.repository.query.QueryCreationException: Cannot create query for method [FuncionRepository.findByDate(java.time.LocalDate)]; No property 'date' found for type 'Funcion'
	at org.springframework.data.repository.query.QueryCreationException.create(QueryCreationException.java:109)
	at org.springframework.data.jpa.repository.query.PartTreeJpaQuery.<init>(PartTreeJpaQuery.java:114)
	at org.springframework.data.jpa.repository.query.JpaQueryLookupStrategy$CreateQueryLookupStrategy.resolveQuery(JpaQueryLookupStrategy.java:118)
	at org.springframework.data.jpa.repository.query.JpaQueryLookupStrategy$CreateIfNotFoundQueryLookupStrategy.resolveQuery(JpaQueryLookupStrategy.java:291)
	at org.springframework.data.jpa.repository.query.JpaQueryLookupStrategy$AbstractQueryLookupStrategy.resolveQuery(JpaQueryLookupStrategy.java:93)
	at org.springframework.data.repository.core.support.QueryExecutorMethodInterceptor.lookupQuery(QueryExecutorMethodInterceptor.java:114)
	at org.springframework.data.repository.core.support.QueryExecutorMethodInterceptor.mapMethodsToQuery(QueryExecutorMethodInterceptor.java:102)
	at org.springframework.data.repository.core.support.QueryExecutorMethodInterceptor.<init>(QueryExecutorMethodInterceptor.java:90)
	at org.springframework.data.repository.core.support.RepositoryFactorySupport.getRepository(RepositoryFactorySupport.java:413)
	at org.springframework.data.repository.core.support.RepositoryFactoryBeanSupport.lambda$afterPropertiesSet$1(RepositoryFactoryBeanSupport.java:361)
	at org.springframework.data.util.Lazy.getNullable(Lazy.java:136)
	at org.springframework.data.util.Lazy.get(Lazy.java:114)
	at org.springframework.data.repository.core.support.RepositoryFactoryBeanSupport.afterPropertiesSet(RepositoryFactoryBeanSupport.java:370)
	at org.springframework.data.jpa.repository.support.JpaRepositoryFactoryBean.afterPropertiesSet(JpaRepositoryFactoryBean.java:212)
	at org.springframework.beans.factory.support.AbstractAutowireCapableBeanFactory.invokeInitMethods(AbstractAutowireCapableBeanFactory.java:1864)
	at org.springframework.beans.factory.support.AbstractAutowireCapableBeanFactory.initializeBean(AbstractAutowireCapableBeanFactory.java:1813)
	... 49 common frames omitted
Caused by: org.springframework.data.core.PropertyReferenceException: No property 'date' found for type 'Funcion'
	at org.springframework.data.core.SimplePropertyPath.<init>(SimplePropertyPath.java:93)
	at org.springframework.data.core.SimplePropertyPath.create(SimplePropertyPath.java:360)
	at org.springframework.data.core.SimplePropertyPath.create(SimplePropertyPath.java:335)
	at org.springframework.data.core.SimplePropertyPath.lambda$from$0(SimplePropertyPath.java:288)
	at org.springframework.util.ConcurrentReferenceHashMap$6.execute(ConcurrentReferenceHashMap.java:387)
	at org.springframework.util.ConcurrentReferenceHashMap$Segment.doTask(ConcurrentReferenceHashMap.java:681)
	at org.springframework.util.ConcurrentReferenceHashMap.doTask(ConcurrentReferenceHashMap.java:565)
	at org.springframework.util.ConcurrentReferenceHashMap.computeIfAbsent(ConcurrentReferenceHashMap.java:381)
	at org.springframework.data.core.SimplePropertyPath.from(SimplePropertyPath.java:270)
	at org.springframework.data.core.PropertyPath.from(PropertyPath.java:210)
	at org.springframework.data.core.PropertyPath.from(PropertyPath.java:193)
	at org.springframework.data.repository.query.parser.Part.<init>(Part.java:81)
	at org.springframework.data.repository.query.parser.PartTree$OrPart.lambda$new$0(PartTree.java:260)
	at java.base/java.util.stream.ReferencePipeline$3$1.accept(ReferencePipeline.java:197)
	at java.base/java.util.stream.ReferencePipeline$2$1.accept(ReferencePipeline.java:179)
	at java.base/java.util.Spliterators$ArraySpliterator.forEachRemaining(Spliterators.java:1024)
	at java.base/java.util.stream.AbstractPipeline.copyInto(AbstractPipeline.java:509)
	at java.base/java.util.stream.AbstractPipeline.wrapAndCopyInto(AbstractPipeline.java:499)
	at java.base/java.util.stream.ReduceOps$ReduceOp.evaluateSequential(ReduceOps.java:921)
	at java.base/java.util.stream.AbstractPipeline.evaluate(AbstractPipeline.java:234)
	at java.base/java.util.stream.ReferencePipeline.collect(ReferencePipeline.java:682)
	at org.springframework.data.repository.query.parser.PartTree$OrPart.<init>(PartTree.java:261)
	at org.springframework.data.repository.query.parser.PartTree$Predicate.lambda$new$0(PartTree.java:390)
	at java.base/java.util.stream.ReferencePipeline$3$1.accept(ReferencePipeline.java:197)
	at java.base/java.util.stream.ReferencePipeline$2$1.accept(ReferencePipeline.java:179)
	at java.base/java.util.Spliterators$ArraySpliterator.forEachRemaining(Spliterators.java:1024)
	at java.base/java.util.stream.AbstractPipeline.copyInto(AbstractPipeline.java:509)
	at java.base/java.util.stream.AbstractPipeline.wrapAndCopyInto(AbstractPipeline.java:499)
	at java.base/java.util.stream.ReduceOps$ReduceOp.evaluateSequential(ReduceOps.java:921)
	at java.base/java.util.stream.AbstractPipeline.evaluate(AbstractPipeline.java:234)
	at java.base/java.util.stream.ReferencePipeline.collect(ReferencePipeline.java:682)
	at org.springframework.data.repository.query.parser.PartTree$Predicate.<init>(PartTree.java:391)
	at org.springframework.data.repository.query.parser.PartTree.<init>(PartTree.java:104)
	at org.springframework.data.jpa.repository.query.PartTreeJpaQuery.<init>(PartTreeJpaQuery.java:108)
	... 63 common frames omitted
21:03:05 INFO  Starting FuncionesServiceApplication using Java 21.0.3 with PID 34368 (C:\Users\Usuario\Desktop\semester-project\funciones-service\target\classes started by Usuario in C:\Users\Usuario\Desktop\semester-project\funciones-service)
21:03:05 INFO  No active profile set, falling back to 1 default profile: "default"
21:03:05 INFO  Devtools property defaults active! Set 'spring.devtools.add-properties' to 'false' to disable
21:03:05 INFO  For additional web related logging consider setting the 'logging.level.web' property to 'DEBUG'
21:03:05 INFO  Bootstrapping Spring Data JPA repositories in DEFAULT mode.
21:03:05 INFO  Finished Spring Data repository scanning in 75 ms. Found 2 JPA repository interfaces.
21:03:06 INFO  Tomcat initialized with port 9095 (http)
21:03:06 INFO  Starting service [Tomcat]
21:03:06 INFO  Starting Servlet engine: [Apache Tomcat/11.0.21]
21:03:06 INFO  Root WebApplicationContext: initialization completed in 712 ms
21:03:06 INFO  HikariPool-1 - Starting...
21:03:06 INFO  HikariPool-1 - Added connection com.mysql.cj.jdbc.ConnectionImpl@4c50ad52
21:03:06 INFO  HikariPool-1 - Start completed.
21:03:07 INFO  Reading from bd_funciones.databasechangelog
21:03:07 INFO  Database is up to date, no changesets to execute
21:03:07 INFO  Reading from bd_funciones.databasechangelog
21:03:07 INFO  UPDATE SUMMARY
21:03:07 INFO  Run:                          0
21:03:07 INFO  Previously run:               4
21:03:07 INFO  Filtered out:                 0
21:03:07 INFO  -------------------------------
21:03:07 INFO  Total change sets:            4
21:03:07 INFO  Update summary generated
21:03:07 INFO  Command execution complete
21:03:07 INFO  HHH008540: Processing PersistenceUnitInfo [name: default]
21:03:07 INFO  HHH000001: Hibernate ORM core version 7.2.12.Final
21:03:08 INFO  No LoadTimeWeaver setup: ignoring JPA class transformer
21:03:08 WARN  HHH000511: The 5.5.5 version for [org.hibernate.dialect.MySQLDialect] is no longer supported, hence certain features may not work properly.The minimum supported version is 8.0.0. Check the community dialects project for available legacy versions.
21:03:08 INFO  HHH10001005: Database info:
	Database JDBC URL [jdbc:mysql://localhost:3306/bd_funciones?createDatabaseIfNotExist=true]
	Database driver: MySQL Connector/J
	Database dialect: MySQLDialect
	Database version: 5.5.5
	Default catalog/schema: bd_funciones/undefined
	Autocommit mode: undefined/unknown
	Isolation level: REPEATABLE_READ [default REPEATABLE_READ]
	JDBC fetch size: none
	Pool: DataSourceConnectionProvider
	Minimum pool size: undefined/unknown
	Maximum pool size: undefined/unknown
21:03:08 INFO  HHH000489: No JTA platform available (set 'hibernate.transaction.jta.platform' to enable JTA platform integration)
21:03:08 INFO  Initialized JPA EntityManagerFactory for persistence unit 'default'
21:03:08 INFO  Hibernate is in classpath; If applicable, HQL parser will be used.
21:03:08 WARN  spring.jpa.open-in-view is enabled by default. Therefore, database queries may be performed during view rendering. Explicitly configure spring.jpa.open-in-view to disable this warning
21:03:09 INFO  Tomcat started on port 9095 (http) with context path '/'
21:03:09 INFO  Started FuncionesServiceApplication in 4.0 seconds (process running for 4.301)
21:03:14 INFO  Initializing Spring DispatcherServlet 'dispatcherServlet'
21:03:14 INFO  Initializing Servlet 'dispatcherServlet'
21:03:14 INFO  Completed initialization in 0 ms
21:03:14 INFO  GET /funciones
21:03:14 INFO  Listando todas las funciones
21:03:28 INFO  GET /funciones/fecha/2026-05-26
21:03:28 INFO  Buscan funcion por fecha=2026-05-26
21:03:36 INFO  GET /funciones
21:03:36 INFO  Listando todas las funciones
21:03:42 INFO  GET /funciones/fecha/2026-05-27
21:03:42 INFO  Buscan funcion por fecha=2026-05-27
